2023-11-02T04:53:18.401657+00:00 INFO 'ansible_navigator.setup_logger' New ansible-navigator instance, logging initialized
2023-11-02T04:53:18.402214+00:00 INFO 'ansible_navigator.setup_logger' New ansible-runner instance, logging initialized
2023-11-02T04:53:18.402284+00:00 DEBUG 'ansible_navigator.main' ansible-builder==1.1.0 /usr/lib/python3.9/site-packages
2023-11-02T04:53:18.402312+00:00 DEBUG 'ansible_navigator.main' ansible-core==2.13.4 /usr/lib/python3.9/site-packages
2023-11-02T04:53:18.402336+00:00 DEBUG 'ansible_navigator.main' ansible-navigator==2.1.0 /usr/lib/python3.9/site-packages
2023-11-02T04:53:18.402358+00:00 DEBUG 'ansible_navigator.main' ansible-runner==2.2.1 /usr/lib/python3.9/site-packages
2023-11-02T04:53:18.402378+00:00 DEBUG 'ansible_navigator.main' attrs==21.4.0 /usr/lib/python3.9/site-packages
2023-11-02T04:53:18.402398+00:00 DEBUG 'ansible_navigator.main' bindep==2.10.2 /usr/lib/python3.9/site-packages
2023-11-02T04:53:18.402424+00:00 DEBUG 'ansible_navigator.main' cffi==1.14.3 /usr/lib64/python3.9/site-packages
2023-11-02T04:53:18.402454+00:00 DEBUG 'ansible_navigator.main' cryptography==3.3.1 /usr/lib64/python3.9/site-packages
2023-11-02T04:53:18.402475+00:00 DEBUG 'ansible_navigator.main' distro==1.6.0 /usr/lib/python3.9/site-packages
2023-11-02T04:53:18.402495+00:00 DEBUG 'ansible_navigator.main' docutils==0.16 /usr/lib/python3.9/site-packages
2023-11-02T04:53:18.402515+00:00 DEBUG 'ansible_navigator.main' idna==2.10 /usr/lib/python3.9/site-packages
2023-11-02T04:53:18.402539+00:00 DEBUG 'ansible_navigator.main' importlib-metadata==4.10.1 /usr/lib/python3.9/site-packages
2023-11-02T04:53:18.402568+00:00 DEBUG 'ansible_navigator.main' jinja2==3.0.3 /usr/lib/python3.9/site-packages
2023-11-02T04:53:18.402598+00:00 DEBUG 'ansible_navigator.main' jsonschema==4.6.0 /usr/lib/python3.9/site-packages
2023-11-02T04:53:18.402626+00:00 DEBUG 'ansible_navigator.main' lockfile==0.12.2 /usr/lib/python3.9/site-packages
2023-11-02T04:53:18.402647+00:00 DEBUG 'ansible_navigator.main' markupsafe==2.1.0 /usr/lib64/python3.9/site-packages
2023-11-02T04:53:18.402666+00:00 DEBUG 'ansible_navigator.main' onigurumacffi==1.1.0 /usr/lib64/python3.9/site-packages
2023-11-02T04:53:18.402704+00:00 DEBUG 'ansible_navigator.main' packaging==21.3 /usr/lib/python3.9/site-packages
2023-11-02T04:53:18.402725+00:00 DEBUG 'ansible_navigator.main' parsley==1.3 /usr/lib/python3.9/site-packages
2023-11-02T04:53:18.402744+00:00 DEBUG 'ansible_navigator.main' pbr==5.8.1 /usr/lib/python3.9/site-packages
2023-11-02T04:53:18.402763+00:00 DEBUG 'ansible_navigator.main' pexpect==4.8.0 /usr/lib/python3.9/site-packages
2023-11-02T04:53:18.402782+00:00 DEBUG 'ansible_navigator.main' pip==20.2.4 /usr/lib/python3.9/site-packages
2023-11-02T04:53:18.402802+00:00 DEBUG 'ansible_navigator.main' ply==3.11 /usr/lib/python3.9/site-packages
2023-11-02T04:53:18.402821+00:00 DEBUG 'ansible_navigator.main' ptyprocess==0.6.0 /usr/lib/python3.9/site-packages
2023-11-02T04:53:18.402840+00:00 DEBUG 'ansible_navigator.main' pycparser==2.20 /usr/lib/python3.9/site-packages
2023-11-02T04:53:18.402861+00:00 DEBUG 'ansible_navigator.main' pyparsing==2.4.7 /usr/lib/python3.9/site-packages
2023-11-02T04:53:18.402881+00:00 DEBUG 'ansible_navigator.main' pyrsistent==0.18.1 /usr/lib64/python3.9/site-packages
2023-11-02T04:53:18.402901+00:00 DEBUG 'ansible_navigator.main' python-daemon==2.3.0 /usr/lib/python3.9/site-packages
2023-11-02T04:53:18.402921+00:00 DEBUG 'ansible_navigator.main' pyyaml==5.4.1 /usr/lib64/python3.9/site-packages
2023-11-02T04:53:18.402940+00:00 DEBUG 'ansible_navigator.main' requirements-parser==0.2.0 /usr/lib/python3.9/site-packages
2023-11-02T04:53:18.402960+00:00 DEBUG 'ansible_navigator.main' resolvelib==0.5.4 /usr/lib/python3.9/site-packages
2023-11-02T04:53:18.402979+00:00 DEBUG 'ansible_navigator.main' setuptools==50.3.2 /usr/lib/python3.9/site-packages
2023-11-02T04:53:18.403000+00:00 DEBUG 'ansible_navigator.main' six==1.15.0 /usr/lib/python3.9/site-packages
2023-11-02T04:53:18.403020+00:00 DEBUG 'ansible_navigator.main' typing-extensions==3.10.0.2 /usr/lib/python3.9/site-packages
2023-11-02T04:53:18.403068+00:00 DEBUG 'ansible_navigator.main' zipp==3.4.0 /usr/lib/python3.9/site-packages
2023-11-02T04:53:18.403093+00:00 DEBUG 'ansible_navigator.main' Share directory '/usr/lib/python3.9/share/ansible_navigator' not found (development path)
2023-11-02T04:53:18.403113+00:00 DEBUG 'ansible_navigator.main' Share directory '/home/student/.local/share/ansible_navigator' not found (userbase)
2023-11-02T04:53:18.403133+00:00 DEBUG 'ansible_navigator.main' Share directory '/usr/share/ansible_navigator' found (sys.prefix)
2023-11-02T04:53:18.403165+00:00 DEBUG 'ansible_navigator.main' Default collection_doc_cache_path set to: /home/student/.cache/ansible-navigator/collection_doc_cache.db
2023-11-02T04:53:18.403188+00:00 DEBUG 'ansible_navigator.main' EDITOR environment variable not set
2023-11-02T04:53:18.403209+00:00 DEBUG 'ansible_navigator.main' Default editor_command set to: vi +{line_number} {filename}
2023-11-02T04:53:18.403229+00:00 DEBUG 'ansible_navigator.main' No config file set by ANSIBLE_NAVIGATOR_CONFIG
2023-11-02T04:53:18.403248+00:00 DEBUG 'ansible_navigator.main' Looking in /home/student
2023-11-02T04:53:18.403268+00:00 DEBUG 'ansible_navigator.main' Looking for '/home/student/.ansible-navigator.yml', '/home/student/.ansible-navigator.yaml' and '/home/student/.ansible-navigator.json'
2023-11-02T04:53:18.403289+00:00 DEBUG 'ansible_navigator.main' Found 0: 
2023-11-02T04:53:18.403322+00:00 DEBUG 'ansible_navigator.main' Looking in /home/student/ex374answer/create_user
2023-11-02T04:53:18.403342+00:00 DEBUG 'ansible_navigator.main' Looking for '/home/student/ex374answer/create_user/ansible-navigator.yml', '/home/student/ex374answer/create_user/ansible-navigator.yaml' and '/home/student/ex374answer/create_user/ansible-navigator.json'
2023-11-02T04:53:18.403363+00:00 DEBUG 'ansible_navigator.main' Found 1: '/home/student/ex374answer/create_user/ansible-navigator.yml'
2023-11-02T04:53:18.403383+00:00 DEBUG 'ansible_navigator.main' All found 1: '/home/student/ex374answer/create_user/ansible-navigator.yml'
2023-11-02T04:53:18.403404+00:00 DEBUG 'ansible_navigator.main' Using: /home/student/ex374answer/create_user/ansible-navigator.yml
2023-11-02T04:53:18.403423+00:00 DEBUG 'ansible_navigator.main' Using settings file at /home/student/ex374answer/create_user/ansible-navigator.yml in search path
2023-11-02T04:53:18.403452+00:00 DEBUG 'ansible_navigator.main' Command provided: 'run users.yml -m stdut'
2023-11-02T04:53:18.403476+00:00 DEBUG 'ansible_navigator.main' ansible-navigator.ansible-runner.artifact-dir not found in settings file
2023-11-02T04:53:18.403496+00:00 DEBUG 'ansible_navigator.main' ansible-navigator.ansible-runner.rotate-artifacts-count not found in settings file
2023-11-02T04:53:18.403516+00:00 DEBUG 'ansible_navigator.main' ansible-navigator.ansible-runner.timeout not found in settings file
2023-11-02T04:53:18.403546+00:00 DEBUG 'ansible_navigator.main' ansible-navigator.app not found in settings file
2023-11-02T04:53:18.403566+00:00 DEBUG 'ansible_navigator.main' ansible-navigator.ansible.cmdline not found in settings file
2023-11-02T04:53:18.403587+00:00 DEBUG 'ansible_navigator.main' ansible-navigator.collection-doc-cache-path not found in settings file
2023-11-02T04:53:18.403606+00:00 DEBUG 'ansible_navigator.main' ansible-navigator.ansible.config.path not found in settings file
2023-11-02T04:53:18.403636+00:00 DEBUG 'ansible_navigator.main' ansible-navigator.execution-environment.container-engine not found in settings file
2023-11-02T04:53:18.403657+00:00 DEBUG 'ansible_navigator.main' ansible-navigator.execution-environment.container-options not found in settings file
2023-11-02T04:53:18.403693+00:00 DEBUG 'ansible_navigator.main' ansible-navigator.color.enable not found in settings file
2023-11-02T04:53:18.403715+00:00 DEBUG 'ansible_navigator.main' ansible-navigator.editor.command not found in settings file
2023-11-02T04:53:18.403734+00:00 DEBUG 'ansible_navigator.main' ansible-navigator.editor.console not found in settings file
2023-11-02T04:53:18.403764+00:00 DEBUG 'ansible_navigator.main' ansible-navigator.exec.command not found in settings file
2023-11-02T04:53:18.403785+00:00 DEBUG 'ansible_navigator.main' ansible-navigator.exec.shell not found in settings file
2023-11-02T04:53:18.403805+00:00 DEBUG 'ansible_navigator.main' ansible-navigator.execution-environment.enabled not found in settings file
2023-11-02T04:53:18.403825+00:00 DEBUG 'ansible_navigator.main' ansible-navigator.execution-environment.volume-mounts not found in settings file
2023-11-02T04:53:18.403844+00:00 DEBUG 'ansible_navigator.main' ansible-navigator.ansible-builder.help not found in settings file
2023-11-02T04:53:18.403864+00:00 DEBUG 'ansible_navigator.main' ansible-navigator.ansible.config.help not found in settings file
2023-11-02T04:53:18.403883+00:00 DEBUG 'ansible_navigator.main' ansible-navigator.ansible.doc.help not found in settings file
2023-11-02T04:53:18.403903+00:00 DEBUG 'ansible_navigator.main' ansible-navigator.ansible.inventory.help not found in settings file
2023-11-02T04:53:18.403922+00:00 DEBUG 'ansible_navigator.main' ansible-navigator.ansible.playbook.help not found in settings file
2023-11-02T04:53:18.403941+00:00 DEBUG 'ansible_navigator.main' ansible-navigator.images.details not found in settings file
2023-11-02T04:53:18.403961+00:00 DEBUG 'ansible_navigator.main' ansible-navigator.ansible.inventory.entries not found in settings file
2023-11-02T04:53:18.403981+00:00 DEBUG 'ansible_navigator.main' ansible-navigator.inventory-columns not found in settings file
2023-11-02T04:53:18.404001+00:00 DEBUG 'ansible_navigator.main' ansible-navigator.ansible-lint.config not found in settings file
2023-11-02T04:53:18.404021+00:00 DEBUG 'ansible_navigator.main' ansible-navigator.ansible-lint.lintables not found in settings file
2023-11-02T04:53:18.404049+00:00 DEBUG 'ansible_navigator.main' ansible-navigator.logging.append not found in settings file
2023-11-02T04:53:18.404073+00:00 DEBUG 'ansible_navigator.main' ansible-navigator.logging.file not found in settings file
2023-11-02T04:53:18.404092+00:00 DEBUG 'ansible_navigator.main' ansible-navigator.logging.level not found in settings file
2023-11-02T04:53:18.404111+00:00 DEBUG 'ansible_navigator.main' ansible-navigator.color.osc4 not found in settings file
2023-11-02T04:53:18.404130+00:00 DEBUG 'ansible_navigator.main' ansible-navigator.execution-environment.environment-variables.pass not found in settings file
2023-11-02T04:53:18.404150+00:00 DEBUG 'ansible_navigator.main' ansible-navigator.ansible.playbook.path not found in settings file
2023-11-02T04:53:18.404199+00:00 DEBUG 'ansible_navigator.main' ansible-navigator.playbook-artifact.replay not found in settings file
2023-11-02T04:53:18.404233+00:00 DEBUG 'ansible_navigator.main' ansible-navigator.ansible.doc.plugin.name not found in settings file
2023-11-02T04:53:18.404264+00:00 DEBUG 'ansible_navigator.main' ansible-navigator.ansible.doc.plugin.type not found in settings file
2023-11-02T04:53:18.404285+00:00 DEBUG 'ansible_navigator.main' ansible-navigator.execution-environment.pull.arguments not found in settings file
2023-11-02T04:53:18.404305+00:00 DEBUG 'ansible_navigator.main' ansible-navigator.execution-environment.environment-variables.set not found in settings file
2023-11-02T04:53:18.404325+00:00 DEBUG 'ansible_navigator.main' ansible-navigator.settings.effective not found in settings file
2023-11-02T04:53:18.404345+00:00 DEBUG 'ansible_navigator.main' ansible-navigator.settings.sample not found in settings file
2023-11-02T04:53:18.404364+00:00 DEBUG 'ansible_navigator.main' ansible-navigator.settings.schema not found in settings file
2023-11-02T04:53:18.404383+00:00 DEBUG 'ansible_navigator.main' ansible-navigator.settings.sources not found in settings file
2023-11-02T04:53:18.404403+00:00 DEBUG 'ansible_navigator.main' ansible-navigator.time-zone not found in settings file
2023-11-02T04:53:18.404422+00:00 DEBUG 'ansible_navigator.main' ansible-navigator.ansible-builder.workdir not found in settings file
2023-11-02T04:53:18.404443+00:00 DEBUG 'ansible_navigator.main' EE support enabled: using current working directory for 'ansible.cfg'
2023-11-02T04:53:18.404485+00:00 INFO 'ansible_navigator.main' EE support enabled: found 'ansible.cfg' in current working directory.
2023-11-02T04:53:18.404508+00:00 DEBUG 'ansible_navigator.main' Completed post processing for ansible_runner_artifact_dir. (changed=False)
2023-11-02T04:53:18.404529+00:00 DEBUG 'ansible_navigator.main' Completed post processing for ansible_runner_rotate_artifacts_count. (changed=False)
2023-11-02T04:53:18.404548+00:00 DEBUG 'ansible_navigator.main' Completed post processing for ansible_runner_timeout. (changed=False)
2023-11-02T04:53:18.404568+00:00 DEBUG 'ansible_navigator.main' Completed post processing for cmdline. (changed=False)
2023-11-02T04:53:18.404588+00:00 DEBUG 'ansible_navigator.main' Completed post processing for collection_doc_cache_path. (changed=False)
2023-11-02T04:53:18.404608+00:00 DEBUG 'ansible_navigator.main' Completed post processing for container_engine. (changed=True)
2023-11-02T04:53:18.404628+00:00 DEBUG 'ansible_navigator.main'  before: 'auto'
2023-11-02T04:53:18.404648+00:00 DEBUG 'ansible_navigator.main'  after: 'podman'
2023-11-02T04:53:18.404668+00:00 DEBUG 'ansible_navigator.main' Completed post processing for container_options. (changed=False)
2023-11-02T04:53:18.404703+00:00 DEBUG 'ansible_navigator.main' Completed post processing for display_color. (changed=False)
2023-11-02T04:53:18.404723+00:00 DEBUG 'ansible_navigator.main' Completed post processing for execution_environment. (changed=False)
2023-11-02T04:53:18.404743+00:00 DEBUG 'ansible_navigator.main' Completed post processing for execution_environment_image. (changed=False)
2023-11-02T04:53:18.404763+00:00 DEBUG 'ansible_navigator.main' Completed post processing for help_builder. (changed=False)
2023-11-02T04:53:18.404782+00:00 DEBUG 'ansible_navigator.main' Completed post processing for help_config. (changed=False)
2023-11-02T04:53:18.404802+00:00 DEBUG 'ansible_navigator.main' Completed post processing for help_doc. (changed=False)
2023-11-02T04:53:18.404822+00:00 DEBUG 'ansible_navigator.main' Completed post processing for help_inventory. (changed=False)
2023-11-02T04:53:18.404841+00:00 DEBUG 'ansible_navigator.main' Completed post processing for help_playbook. (changed=False)
2023-11-02T04:53:18.404860+00:00 DEBUG 'ansible_navigator.main' Completed post processing for images_details. (changed=False)
2023-11-02T04:53:18.404880+00:00 DEBUG 'ansible_navigator.main' Completed post processing for inventory. (changed=True)
2023-11-02T04:53:18.404899+00:00 DEBUG 'ansible_navigator.main'  before: 'Not set'
2023-11-02T04:53:18.404919+00:00 DEBUG 'ansible_navigator.main'  after: '['/home/student/ex374answer/create_user/inventory']'
2023-11-02T04:53:18.404938+00:00 DEBUG 'ansible_navigator.main' Completed post processing for inventory_column. (changed=False)
2023-11-02T04:53:18.404958+00:00 DEBUG 'ansible_navigator.main' Completed post processing for log_file. (changed=False)
2023-11-02T04:53:18.404977+00:00 DEBUG 'ansible_navigator.main' Completed post processing for pass_environment_variable. (changed=False)
2023-11-02T04:53:18.404999+00:00 DEBUG 'ansible_navigator.main' Completed post processing for playbook. (changed=True)
2023-11-02T04:53:18.405030+00:00 DEBUG 'ansible_navigator.main'  before: 'users.yml'
2023-11-02T04:53:18.405064+00:00 DEBUG 'ansible_navigator.main'  after: '/home/student/ex374answer/create_user/users.yml'
2023-11-02T04:53:18.405085+00:00 DEBUG 'ansible_navigator.main' Completed post processing for playbook_artifact_replay. (changed=False)
2023-11-02T04:53:18.405105+00:00 DEBUG 'ansible_navigator.main' Completed post processing for playbook_artifact_save_as. (changed=False)
2023-11-02T04:53:18.405125+00:00 DEBUG 'ansible_navigator.main' Completed post processing for plugin_name. (changed=False)
2023-11-02T04:53:18.405145+00:00 DEBUG 'ansible_navigator.main' Completed post processing for pull_arguments. (changed=False)
2023-11-02T04:53:18.405178+00:00 DEBUG 'ansible_navigator.main' Completed post processing for set_environment_variable. (changed=False)
2023-11-02T04:53:18.405210+00:00 DEBUG 'ansible_navigator.main' Completed post processing for settings_effective. (changed=False)
2023-11-02T04:53:18.405231+00:00 DEBUG 'ansible_navigator.main' Completed post processing for settings_sample. (changed=False)
2023-11-02T04:53:18.405250+00:00 DEBUG 'ansible_navigator.main' Completed post processing for settings_schema. (changed=False)
2023-11-02T04:53:18.405269+00:00 DEBUG 'ansible_navigator.main' Completed post processing for settings_sources. (changed=False)
2023-11-02T04:53:18.405288+00:00 DEBUG 'ansible_navigator.main' Completed post processing for time_zone. (changed=False)
2023-11-02T04:53:18.405307+00:00 DEBUG 'ansible_navigator.main' Completed post processing for execution_environment_volume_mounts. (changed=False)
2023-11-02T04:53:18.405327+00:00 DEBUG 'ansible_navigator.main' Completed post processing for mode. (changed=False)
2023-11-02T04:53:18.405356+00:00 WARNING 'ansible_navigator.main' Configuration errors encountered, rolling back to previous configuration.
2023-11-02T04:53:18.405376+00:00 DEBUG 'ansible_navigator.main' Prior to rollback: ansible_runner_artifact_dir = 'Not set' (Constants/Not set)
2023-11-02T04:53:18.405396+00:00 DEBUG 'ansible_navigator.main' Prior to rollback: ansible_runner_rotate_artifacts_count = 'Not set' (Constants/Not set)
2023-11-02T04:53:18.405416+00:00 DEBUG 'ansible_navigator.main' Prior to rollback: ansible_runner_timeout = 'Not set' (Constants/Not set)
2023-11-02T04:53:18.405435+00:00 DEBUG 'ansible_navigator.main' Prior to rollback: app = 'run' (str/Command line)
2023-11-02T04:53:18.405455+00:00 DEBUG 'ansible_navigator.main' Prior to rollback: cmdline = 'Not set' (Constants/Not set)
2023-11-02T04:53:18.405484+00:00 DEBUG 'ansible_navigator.main' Prior to rollback: collection_doc_cache_path = '/home/student/.cache/ansible-navigator/collection_doc_cache.db' (str/Defaults)
2023-11-02T04:53:18.405510+00:00 DEBUG 'ansible_navigator.main' Prior to rollback: config = 'Not set' (Constants/Not set)
2023-11-02T04:53:18.405530+00:00 DEBUG 'ansible_navigator.main' Prior to rollback: container_engine = 'podman' (str/Automatically determined)
2023-11-02T04:53:18.405549+00:00 DEBUG 'ansible_navigator.main' Prior to rollback: container_options = 'Not set' (Constants/Not set)
2023-11-02T04:53:18.405568+00:00 DEBUG 'ansible_navigator.main' Prior to rollback: display_color = 'True' (bool/Defaults)
2023-11-02T04:53:18.405587+00:00 DEBUG 'ansible_navigator.main' Prior to rollback: editor_command = 'vi +{line_number} {filename}' (str/Defaults)
2023-11-02T04:53:18.405607+00:00 DEBUG 'ansible_navigator.main' Prior to rollback: editor_console = 'True' (bool/Defaults)
2023-11-02T04:53:18.405626+00:00 DEBUG 'ansible_navigator.main' Prior to rollback: exec_command = '/bin/bash' (str/Defaults)
2023-11-02T04:53:18.405644+00:00 DEBUG 'ansible_navigator.main' Prior to rollback: exec_shell = 'True' (bool/Defaults)
2023-11-02T04:53:18.405663+00:00 DEBUG 'ansible_navigator.main' Prior to rollback: execution_environment = 'True' (bool/Defaults)
2023-11-02T04:53:18.405715+00:00 DEBUG 'ansible_navigator.main' Prior to rollback: execution_environment_image = 'ee-supported-rhel8:latest' (str/Settings file)
2023-11-02T04:53:18.405735+00:00 DEBUG 'ansible_navigator.main' Prior to rollback: execution_environment_volume_mounts = 'Not set' (Constants/Not set)
2023-11-02T04:53:18.405754+00:00 DEBUG 'ansible_navigator.main' Prior to rollback: help_builder = 'False' (bool/Defaults)
2023-11-02T04:53:18.405773+00:00 DEBUG 'ansible_navigator.main' Prior to rollback: help_config = 'False' (bool/Defaults)
2023-11-02T04:53:18.405792+00:00 DEBUG 'ansible_navigator.main' Prior to rollback: help_doc = 'False' (bool/Defaults)
2023-11-02T04:53:18.405811+00:00 DEBUG 'ansible_navigator.main' Prior to rollback: help_inventory = 'False' (bool/Defaults)
2023-11-02T04:53:18.405830+00:00 DEBUG 'ansible_navigator.main' Prior to rollback: help_playbook = 'False' (bool/Defaults)
2023-11-02T04:53:18.405848+00:00 DEBUG 'ansible_navigator.main' Prior to rollback: images_details = '['everything']' (list/Defaults)
2023-11-02T04:53:18.405876+00:00 DEBUG 'ansible_navigator.main' Prior to rollback: inventory = '['/home/student/ex374answer/create_user/inventory']' (list/Ansible configuration file)
2023-11-02T04:53:18.405896+00:00 DEBUG 'ansible_navigator.main' Prior to rollback: inventory_column = 'Not set' (Constants/Not set)
2023-11-02T04:53:18.405915+00:00 DEBUG 'ansible_navigator.main' Prior to rollback: lint_config = 'Not set' (Constants/Not set)
2023-11-02T04:53:18.405934+00:00 DEBUG 'ansible_navigator.main' Prior to rollback: lintables = 'Not set' (Constants/Not set)
2023-11-02T04:53:18.405952+00:00 DEBUG 'ansible_navigator.main' Prior to rollback: log_append = 'True' (bool/Defaults)
2023-11-02T04:53:18.405971+00:00 DEBUG 'ansible_navigator.main' Prior to rollback: log_file = '/home/student/ex374answer/create_user/ansible-navigator.log' (str/Defaults)
2023-11-02T04:53:18.405990+00:00 DEBUG 'ansible_navigator.main' Prior to rollback: log_level = 'warning' (str/Defaults)
2023-11-02T04:53:18.406011+00:00 DEBUG 'ansible_navigator.main' Prior to rollback: mode = 'stdut' (str/Command line)
2023-11-02T04:53:18.406042+00:00 DEBUG 'ansible_navigator.main' Prior to rollback: osc4 = 'True' (bool/Defaults)
2023-11-02T04:53:18.406067+00:00 DEBUG 'ansible_navigator.main' Prior to rollback: pass_environment_variable = 'Not set' (Constants/Not set)
2023-11-02T04:53:18.406086+00:00 DEBUG 'ansible_navigator.main' Prior to rollback: playbook = '/home/student/ex374answer/create_user/users.yml' (str/Command line)
2023-11-02T04:53:18.406105+00:00 DEBUG 'ansible_navigator.main' Prior to rollback: playbook_artifact_enable = 'False' (bool/Settings file)
2023-11-02T04:53:18.406124+00:00 DEBUG 'ansible_navigator.main' Prior to rollback: playbook_artifact_replay = 'Not set' (Constants/Not set)
2023-11-02T04:53:18.406143+00:00 DEBUG 'ansible_navigator.main' Prior to rollback: playbook_artifact_save_as = '{playbook_dir}/{playbook_name}-artifact-{time_stamp}.json' (str/Settings file)
2023-11-02T04:53:18.406175+00:00 DEBUG 'ansible_navigator.main' Prior to rollback: plugin_name = 'Not set' (Constants/Not set)
2023-11-02T04:53:18.406194+00:00 DEBUG 'ansible_navigator.main' Prior to rollback: plugin_type = 'module' (str/Defaults)
2023-11-02T04:53:18.406224+00:00 DEBUG 'ansible_navigator.main' Prior to rollback: pull_arguments = 'Not set' (Constants/Not set)
2023-11-02T04:53:18.406251+00:00 DEBUG 'ansible_navigator.main' Prior to rollback: pull_policy = 'missing' (str/Settings file)
2023-11-02T04:53:18.406279+00:00 DEBUG 'ansible_navigator.main' Prior to rollback: set_environment_variable = 'Not set' (Constants/Not set)
2023-11-02T04:53:18.406307+00:00 DEBUG 'ansible_navigator.main' Prior to rollback: settings_effective = 'False' (bool/Defaults)
2023-11-02T04:53:18.406337+00:00 DEBUG 'ansible_navigator.main' Prior to rollback: settings_sample = 'False' (bool/Defaults)
2023-11-02T04:53:18.406358+00:00 DEBUG 'ansible_navigator.main' Prior to rollback: settings_schema = 'json' (str/Defaults)
2023-11-02T04:53:18.406376+00:00 DEBUG 'ansible_navigator.main' Prior to rollback: settings_sources = 'False' (bool/Defaults)
2023-11-02T04:53:18.406395+00:00 DEBUG 'ansible_navigator.main' Prior to rollback: time_zone = 'UTC' (str/Defaults)
2023-11-02T04:53:18.406414+00:00 DEBUG 'ansible_navigator.main' Prior to rollback: workdir = '/home/student/ex374answer/create_user' (str/Defaults)
2023-11-02T04:53:18.406434+00:00 DEBUG 'ansible_navigator.main' After rollback: ansible_runner_artifact_dir = 'Not set' (Constants/Not set)
2023-11-02T04:53:18.406453+00:00 DEBUG 'ansible_navigator.main' After rollback: ansible_runner_rotate_artifacts_count = 'Not set' (Constants/Not set)
2023-11-02T04:53:18.406473+00:00 DEBUG 'ansible_navigator.main' After rollback: ansible_runner_timeout = 'Not set' (Constants/Not set)
2023-11-02T04:53:18.406502+00:00 DEBUG 'ansible_navigator.main' After rollback: app = 'Not set' (Constants/Not set)
2023-11-02T04:53:18.406535+00:00 DEBUG 'ansible_navigator.main' After rollback: cmdline = 'Not set' (Constants/Not set)
2023-11-02T04:53:18.406564+00:00 DEBUG 'ansible_navigator.main' After rollback: collection_doc_cache_path = 'Not set' (Constants/Not set)
2023-11-02T04:53:18.406585+00:00 DEBUG 'ansible_navigator.main' After rollback: config = 'Not set' (Constants/Not set)
2023-11-02T04:53:18.406604+00:00 DEBUG 'ansible_navigator.main' After rollback: container_engine = 'Not set' (Constants/Not set)
2023-11-02T04:53:18.406623+00:00 DEBUG 'ansible_navigator.main' After rollback: container_options = 'Not set' (Constants/Not set)
2023-11-02T04:53:18.406649+00:00 DEBUG 'ansible_navigator.main' After rollback: display_color = 'Not set' (Constants/Not set)
2023-11-02T04:53:18.406686+00:00 DEBUG 'ansible_navigator.main' After rollback: editor_command = 'Not set' (Constants/Not set)
2023-11-02T04:53:18.406712+00:00 DEBUG 'ansible_navigator.main' After rollback: editor_console = 'Not set' (Constants/Not set)
2023-11-02T04:53:18.406732+00:00 DEBUG 'ansible_navigator.main' After rollback: exec_command = 'Not set' (Constants/Not set)
2023-11-02T04:53:18.406751+00:00 DEBUG 'ansible_navigator.main' After rollback: exec_shell = 'Not set' (Constants/Not set)
2023-11-02T04:53:18.406770+00:00 DEBUG 'ansible_navigator.main' After rollback: execution_environment = 'Not set' (Constants/Not set)
2023-11-02T04:53:18.406789+00:00 DEBUG 'ansible_navigator.main' After rollback: execution_environment_image = 'Not set' (Constants/Not set)
2023-11-02T04:53:18.406809+00:00 DEBUG 'ansible_navigator.main' After rollback: execution_environment_volume_mounts = 'Not set' (Constants/Not set)
2023-11-02T04:53:18.406828+00:00 DEBUG 'ansible_navigator.main' After rollback: help_builder = 'Not set' (Constants/Not set)
2023-11-02T04:53:18.406847+00:00 DEBUG 'ansible_navigator.main' After rollback: help_config = 'Not set' (Constants/Not set)
2023-11-02T04:53:18.406866+00:00 DEBUG 'ansible_navigator.main' After rollback: help_doc = 'Not set' (Constants/Not set)
2023-11-02T04:53:18.406886+00:00 DEBUG 'ansible_navigator.main' After rollback: help_inventory = 'Not set' (Constants/Not set)
2023-11-02T04:53:18.406904+00:00 DEBUG 'ansible_navigator.main' After rollback: help_playbook = 'Not set' (Constants/Not set)
2023-11-02T04:53:18.406924+00:00 DEBUG 'ansible_navigator.main' After rollback: images_details = 'Not set' (Constants/Not set)
2023-11-02T04:53:18.406943+00:00 DEBUG 'ansible_navigator.main' After rollback: inventory = 'Not set' (Constants/Not set)
2023-11-02T04:53:18.406962+00:00 DEBUG 'ansible_navigator.main' After rollback: inventory_column = 'Not set' (Constants/Not set)
2023-11-02T04:53:18.406981+00:00 DEBUG 'ansible_navigator.main' After rollback: lint_config = 'Not set' (Constants/Not set)
2023-11-02T04:53:18.407000+00:00 DEBUG 'ansible_navigator.main' After rollback: lintables = 'Not set' (Constants/Not set)
2023-11-02T04:53:18.407019+00:00 DEBUG 'ansible_navigator.main' After rollback: log_append = 'Not set' (Constants/Not set)
2023-11-02T04:53:18.407045+00:00 DEBUG 'ansible_navigator.main' After rollback: log_file = 'Not set' (Constants/Not set)
2023-11-02T04:53:18.407071+00:00 DEBUG 'ansible_navigator.main' After rollback: log_level = 'Not set' (Constants/Not set)
2023-11-02T04:53:18.407090+00:00 DEBUG 'ansible_navigator.main' After rollback: mode = 'Not set' (Constants/Not set)
2023-11-02T04:53:18.407110+00:00 DEBUG 'ansible_navigator.main' After rollback: osc4 = 'Not set' (Constants/Not set)
2023-11-02T04:53:18.407129+00:00 DEBUG 'ansible_navigator.main' After rollback: pass_environment_variable = 'Not set' (Constants/Not set)
2023-11-02T04:53:18.407148+00:00 DEBUG 'ansible_navigator.main' After rollback: playbook = 'Not set' (Constants/Not set)
2023-11-02T04:53:18.407177+00:00 DEBUG 'ansible_navigator.main' After rollback: playbook_artifact_enable = 'Not set' (Constants/Not set)
2023-11-02T04:53:18.407197+00:00 DEBUG 'ansible_navigator.main' After rollback: playbook_artifact_replay = 'Not set' (Constants/Not set)
2023-11-02T04:53:18.407216+00:00 DEBUG 'ansible_navigator.main' After rollback: playbook_artifact_save_as = 'Not set' (Constants/Not set)
2023-11-02T04:53:18.407243+00:00 DEBUG 'ansible_navigator.main' After rollback: plugin_name = 'Not set' (Constants/Not set)
2023-11-02T04:53:18.407264+00:00 DEBUG 'ansible_navigator.main' After rollback: plugin_type = 'Not set' (Constants/Not set)
2023-11-02T04:53:18.407283+00:00 DEBUG 'ansible_navigator.main' After rollback: pull_arguments = 'Not set' (Constants/Not set)
2023-11-02T04:53:18.407302+00:00 DEBUG 'ansible_navigator.main' After rollback: pull_policy = 'Not set' (Constants/Not set)
2023-11-02T04:53:18.407321+00:00 DEBUG 'ansible_navigator.main' After rollback: set_environment_variable = 'Not set' (Constants/Not set)
2023-11-02T04:53:18.407340+00:00 DEBUG 'ansible_navigator.main' After rollback: settings_effective = 'Not set' (Constants/Not set)
2023-11-02T04:53:18.407359+00:00 DEBUG 'ansible_navigator.main' After rollback: settings_sample = 'Not set' (Constants/Not set)
2023-11-02T04:53:18.407378+00:00 DEBUG 'ansible_navigator.main' After rollback: settings_schema = 'Not set' (Constants/Not set)
2023-11-02T04:53:18.407396+00:00 DEBUG 'ansible_navigator.main' After rollback: settings_sources = 'Not set' (Constants/Not set)
2023-11-02T04:53:18.407415+00:00 DEBUG 'ansible_navigator.main' After rollback: time_zone = 'Not set' (Constants/Not set)
2023-11-02T04:53:18.407434+00:00 DEBUG 'ansible_navigator.main' After rollback: workdir = 'Not set' (Constants/Not set)
2023-11-02T04:53:18.407454+00:00 DEBUG 'ansible_navigator.main' Configuration rollback complete.
2023-11-02T04:53:18.407473+00:00 DEBUG 'ansible_navigator.main' Collection doc cache not mounted
2023-11-02T04:53:18.407523+00:00 WARNING 'ansible_navigator.main' Issues were found while applying the settings.
2023-11-02T04:53:18.407552+00:00 INFO 'ansible_navigator.main' Command provided: 'run users.yml -m stdut'
2023-11-02T04:53:18.407582+00:00 ERROR 'ansible_navigator.main' The setting 'mode' must be one of 'stdout' or 'interactive', but set as 'stdut'. (Command line)
2023-11-02T04:53:18.407605+00:00 INFO 'ansible_navigator.main' Try again with '-m stdout' or '-m interactive'
2023-11-02T04:53:18.407627+00:00 INFO 'ansible_navigator.main' Configuration failed, using default log file location. (/home/student/ex374answer/create_user/ansible-navigator.log) Log level set to debug
2023-11-02T04:53:18.407651+00:00 INFO 'ansible_navigator.main' Review the hints and log file to see what went wrong.
2023-11-02T04:53:32.733577+00:00 WARNING 'ansible_navigator.image_manager.puller._log_message' Image inspection failed, image assumed to be corrupted or missing
2024-03-10T05:44:09.162732+00:00 INFO 'ansible_navigator.setup_logger' New ansible-navigator instance, logging initialized
2024-03-10T05:44:09.163036+00:00 INFO 'ansible_navigator.setup_logger' New ansible-runner instance, logging initialized
2024-03-10T05:44:09.163091+00:00 DEBUG 'ansible_navigator.main' ansible-builder==1.1.0 /usr/lib/python3.9/site-packages
2024-03-10T05:44:09.163124+00:00 DEBUG 'ansible_navigator.main' ansible-core==2.13.4 /usr/lib/python3.9/site-packages
2024-03-10T05:44:09.163147+00:00 DEBUG 'ansible_navigator.main' ansible-navigator==2.1.0 /usr/lib/python3.9/site-packages
2024-03-10T05:44:09.163169+00:00 DEBUG 'ansible_navigator.main' ansible-runner==2.2.1 /usr/lib/python3.9/site-packages
2024-03-10T05:44:09.163189+00:00 DEBUG 'ansible_navigator.main' attrs==21.4.0 /usr/lib/python3.9/site-packages
2024-03-10T05:44:09.163209+00:00 DEBUG 'ansible_navigator.main' bindep==2.10.2 /usr/lib/python3.9/site-packages
2024-03-10T05:44:09.163229+00:00 DEBUG 'ansible_navigator.main' cffi==1.14.3 /usr/lib64/python3.9/site-packages
2024-03-10T05:44:09.163249+00:00 DEBUG 'ansible_navigator.main' cryptography==3.3.1 /usr/lib64/python3.9/site-packages
2024-03-10T05:44:09.163268+00:00 DEBUG 'ansible_navigator.main' distro==1.6.0 /usr/lib/python3.9/site-packages
2024-03-10T05:44:09.163288+00:00 DEBUG 'ansible_navigator.main' docutils==0.16 /usr/lib/python3.9/site-packages
2024-03-10T05:44:09.163307+00:00 DEBUG 'ansible_navigator.main' idna==2.10 /usr/lib/python3.9/site-packages
2024-03-10T05:44:09.163337+00:00 DEBUG 'ansible_navigator.main' importlib-metadata==4.10.1 /usr/lib/python3.9/site-packages
2024-03-10T05:44:09.163357+00:00 DEBUG 'ansible_navigator.main' jinja2==3.0.3 /usr/lib/python3.9/site-packages
2024-03-10T05:44:09.163377+00:00 DEBUG 'ansible_navigator.main' jsonschema==4.6.0 /usr/lib/python3.9/site-packages
2024-03-10T05:44:09.163396+00:00 DEBUG 'ansible_navigator.main' lockfile==0.12.2 /usr/lib/python3.9/site-packages
2024-03-10T05:44:09.163415+00:00 DEBUG 'ansible_navigator.main' markupsafe==2.1.0 /usr/lib64/python3.9/site-packages
2024-03-10T05:44:09.163434+00:00 DEBUG 'ansible_navigator.main' onigurumacffi==1.1.0 /usr/lib64/python3.9/site-packages
2024-03-10T05:44:09.163453+00:00 DEBUG 'ansible_navigator.main' packaging==21.3 /usr/lib/python3.9/site-packages
2024-03-10T05:44:09.163473+00:00 DEBUG 'ansible_navigator.main' parsley==1.3 /usr/lib/python3.9/site-packages
2024-03-10T05:44:09.163491+00:00 DEBUG 'ansible_navigator.main' pbr==5.8.1 /usr/lib/python3.9/site-packages
2024-03-10T05:44:09.163511+00:00 DEBUG 'ansible_navigator.main' pexpect==4.8.0 /usr/lib/python3.9/site-packages
2024-03-10T05:44:09.163530+00:00 DEBUG 'ansible_navigator.main' pip==20.2.4 /usr/lib/python3.9/site-packages
2024-03-10T05:44:09.163549+00:00 DEBUG 'ansible_navigator.main' ply==3.11 /usr/lib/python3.9/site-packages
2024-03-10T05:44:09.163568+00:00 DEBUG 'ansible_navigator.main' ptyprocess==0.6.0 /usr/lib/python3.9/site-packages
2024-03-10T05:44:09.163587+00:00 DEBUG 'ansible_navigator.main' pycparser==2.20 /usr/lib/python3.9/site-packages
2024-03-10T05:44:09.163606+00:00 DEBUG 'ansible_navigator.main' pyparsing==2.4.7 /usr/lib/python3.9/site-packages
2024-03-10T05:44:09.163625+00:00 DEBUG 'ansible_navigator.main' pyrsistent==0.18.1 /usr/lib64/python3.9/site-packages
2024-03-10T05:44:09.163644+00:00 DEBUG 'ansible_navigator.main' python-daemon==2.3.0 /usr/lib/python3.9/site-packages
2024-03-10T05:44:09.163663+00:00 DEBUG 'ansible_navigator.main' pyyaml==5.4.1 /usr/lib64/python3.9/site-packages
2024-03-10T05:44:09.163693+00:00 DEBUG 'ansible_navigator.main' requirements-parser==0.2.0 /usr/lib/python3.9/site-packages
2024-03-10T05:44:09.163712+00:00 DEBUG 'ansible_navigator.main' resolvelib==0.5.4 /usr/lib/python3.9/site-packages
2024-03-10T05:44:09.163731+00:00 DEBUG 'ansible_navigator.main' setuptools==50.3.2 /usr/lib/python3.9/site-packages
2024-03-10T05:44:09.163750+00:00 DEBUG 'ansible_navigator.main' six==1.15.0 /usr/lib/python3.9/site-packages
2024-03-10T05:44:09.163769+00:00 DEBUG 'ansible_navigator.main' typing-extensions==3.10.0.2 /usr/lib/python3.9/site-packages
2024-03-10T05:44:09.163788+00:00 DEBUG 'ansible_navigator.main' zipp==3.4.0 /usr/lib/python3.9/site-packages
2024-03-10T05:44:09.163806+00:00 DEBUG 'ansible_navigator.main' Share directory '/usr/lib/python3.9/share/ansible_navigator' not found (development path)
2024-03-10T05:44:09.163826+00:00 DEBUG 'ansible_navigator.main' Share directory '/home/student/.local/share/ansible_navigator' not found (userbase)
2024-03-10T05:44:09.163845+00:00 DEBUG 'ansible_navigator.main' Share directory '/usr/share/ansible_navigator' found (sys.prefix)
2024-03-10T05:44:09.163865+00:00 DEBUG 'ansible_navigator.main' Default collection_doc_cache_path set to: /home/student/.cache/ansible-navigator/collection_doc_cache.db
2024-03-10T05:44:09.163884+00:00 DEBUG 'ansible_navigator.main' EDITOR environment variable not set
2024-03-10T05:44:09.163903+00:00 DEBUG 'ansible_navigator.main' Default editor_command set to: vi +{line_number} {filename}
2024-03-10T05:44:09.163921+00:00 DEBUG 'ansible_navigator.main' No config file set by ANSIBLE_NAVIGATOR_CONFIG
2024-03-10T05:44:09.163940+00:00 DEBUG 'ansible_navigator.main' Looking in /home/student
2024-03-10T05:44:09.163959+00:00 DEBUG 'ansible_navigator.main' Looking for '/home/student/.ansible-navigator.yml', '/home/student/.ansible-navigator.yaml' and '/home/student/.ansible-navigator.json'
2024-03-10T05:44:09.163981+00:00 DEBUG 'ansible_navigator.main' Found 0: 
2024-03-10T05:44:09.164001+00:00 DEBUG 'ansible_navigator.main' Looking in /home/student/git_repos/ex374answer/create_user
2024-03-10T05:44:09.164023+00:00 DEBUG 'ansible_navigator.main' Looking for '/home/student/git_repos/ex374answer/create_user/ansible-navigator.yml', '/home/student/git_repos/ex374answer/create_user/ansible-navigator.yaml' and '/home/student/git_repos/ex374answer/create_user/ansible-navigator.json'
2024-03-10T05:44:09.164043+00:00 DEBUG 'ansible_navigator.main' Found 1: '/home/student/git_repos/ex374answer/create_user/ansible-navigator.yml'
2024-03-10T05:44:09.164063+00:00 DEBUG 'ansible_navigator.main' All found 1: '/home/student/git_repos/ex374answer/create_user/ansible-navigator.yml'
2024-03-10T05:44:09.164096+00:00 DEBUG 'ansible_navigator.main' Using: /home/student/git_repos/ex374answer/create_user/ansible-navigator.yml
2024-03-10T05:44:09.164119+00:00 DEBUG 'ansible_navigator.main' Using settings file at /home/student/git_repos/ex374answer/create_user/ansible-navigator.yml in search path
2024-03-10T05:44:09.164139+00:00 DEBUG 'ansible_navigator.main' Command provided: 'users.yml -m stdout'
2024-03-10T05:44:09.164158+00:00 DEBUG 'ansible_navigator.main' ansible-navigator.ansible-runner.artifact-dir not found in settings file
2024-03-10T05:44:09.164177+00:00 DEBUG 'ansible_navigator.main' ansible-navigator.ansible-runner.rotate-artifacts-count not found in settings file
2024-03-10T05:44:09.164195+00:00 DEBUG 'ansible_navigator.main' ansible-navigator.ansible-runner.timeout not found in settings file
2024-03-10T05:44:09.164214+00:00 DEBUG 'ansible_navigator.main' ansible-navigator.app not found in settings file
2024-03-10T05:44:09.164233+00:00 DEBUG 'ansible_navigator.main' ansible-navigator.ansible.cmdline not found in settings file
2024-03-10T05:44:09.164251+00:00 DEBUG 'ansible_navigator.main' ansible-navigator.collection-doc-cache-path not found in settings file
2024-03-10T05:44:09.164270+00:00 DEBUG 'ansible_navigator.main' ansible-navigator.ansible.config.path not found in settings file
2024-03-10T05:44:09.164289+00:00 DEBUG 'ansible_navigator.main' ansible-navigator.execution-environment.container-engine not found in settings file
2024-03-10T05:44:09.164308+00:00 DEBUG 'ansible_navigator.main' ansible-navigator.execution-environment.container-options not found in settings file
2024-03-10T05:44:09.164327+00:00 DEBUG 'ansible_navigator.main' ansible-navigator.color.enable not found in settings file
2024-03-10T05:44:09.164345+00:00 DEBUG 'ansible_navigator.main' ansible-navigator.editor.command not found in settings file
2024-03-10T05:44:09.164364+00:00 DEBUG 'ansible_navigator.main' ansible-navigator.editor.console not found in settings file
2024-03-10T05:44:09.164382+00:00 DEBUG 'ansible_navigator.main' ansible-navigator.exec.command not found in settings file
2024-03-10T05:44:09.164401+00:00 DEBUG 'ansible_navigator.main' ansible-navigator.exec.shell not found in settings file
2024-03-10T05:44:09.164420+00:00 DEBUG 'ansible_navigator.main' ansible-navigator.execution-environment.enabled not found in settings file
2024-03-10T05:44:09.164439+00:00 DEBUG 'ansible_navigator.main' ansible-navigator.execution-environment.volume-mounts not found in settings file
2024-03-10T05:44:09.164458+00:00 DEBUG 'ansible_navigator.main' ansible-navigator.ansible-builder.help not found in settings file
2024-03-10T05:44:09.164477+00:00 DEBUG 'ansible_navigator.main' ansible-navigator.ansible.config.help not found in settings file
2024-03-10T05:44:09.164495+00:00 DEBUG 'ansible_navigator.main' ansible-navigator.ansible.doc.help not found in settings file
2024-03-10T05:44:09.164514+00:00 DEBUG 'ansible_navigator.main' ansible-navigator.ansible.inventory.help not found in settings file
2024-03-10T05:44:09.164533+00:00 DEBUG 'ansible_navigator.main' ansible-navigator.ansible.playbook.help not found in settings file
2024-03-10T05:44:09.164551+00:00 DEBUG 'ansible_navigator.main' ansible-navigator.images.details not found in settings file
2024-03-10T05:44:09.164570+00:00 DEBUG 'ansible_navigator.main' ansible-navigator.ansible.inventory.entries not found in settings file
2024-03-10T05:44:09.164592+00:00 DEBUG 'ansible_navigator.main' ansible-navigator.inventory-columns not found in settings file
2024-03-10T05:44:09.164611+00:00 DEBUG 'ansible_navigator.main' ansible-navigator.ansible-lint.config not found in settings file
2024-03-10T05:44:09.164629+00:00 DEBUG 'ansible_navigator.main' ansible-navigator.ansible-lint.lintables not found in settings file
2024-03-10T05:44:09.164648+00:00 DEBUG 'ansible_navigator.main' ansible-navigator.logging.append not found in settings file
2024-03-10T05:44:09.164667+00:00 DEBUG 'ansible_navigator.main' ansible-navigator.logging.file not found in settings file
2024-03-10T05:44:09.164693+00:00 DEBUG 'ansible_navigator.main' ansible-navigator.logging.level not found in settings file
2024-03-10T05:44:09.164712+00:00 DEBUG 'ansible_navigator.main' ansible-navigator.color.osc4 not found in settings file
2024-03-10T05:44:09.164731+00:00 DEBUG 'ansible_navigator.main' ansible-navigator.execution-environment.environment-variables.pass not found in settings file
2024-03-10T05:44:09.164750+00:00 DEBUG 'ansible_navigator.main' ansible-navigator.ansible.playbook.path not found in settings file
2024-03-10T05:44:09.164768+00:00 DEBUG 'ansible_navigator.main' ansible-navigator.playbook-artifact.replay not found in settings file
2024-03-10T05:44:09.164794+00:00 DEBUG 'ansible_navigator.main' ansible-navigator.ansible.doc.plugin.name not found in settings file
2024-03-10T05:44:09.164824+00:00 DEBUG 'ansible_navigator.main' ansible-navigator.ansible.doc.plugin.type not found in settings file
2024-03-10T05:44:09.164852+00:00 DEBUG 'ansible_navigator.main' ansible-navigator.execution-environment.pull.arguments not found in settings file
2024-03-10T05:44:09.164880+00:00 DEBUG 'ansible_navigator.main' ansible-navigator.execution-environment.environment-variables.set not found in settings file
2024-03-10T05:44:09.164909+00:00 DEBUG 'ansible_navigator.main' ansible-navigator.settings.effective not found in settings file
2024-03-10T05:44:09.164929+00:00 DEBUG 'ansible_navigator.main' ansible-navigator.settings.sample not found in settings file
2024-03-10T05:44:09.164948+00:00 DEBUG 'ansible_navigator.main' ansible-navigator.settings.schema not found in settings file
2024-03-10T05:44:09.164967+00:00 DEBUG 'ansible_navigator.main' ansible-navigator.settings.sources not found in settings file
2024-03-10T05:44:09.164986+00:00 DEBUG 'ansible_navigator.main' ansible-navigator.time-zone not found in settings file
2024-03-10T05:44:09.165005+00:00 DEBUG 'ansible_navigator.main' ansible-navigator.ansible-builder.workdir not found in settings file
2024-03-10T05:44:09.165029+00:00 WARNING 'ansible_navigator.main' Configuration errors encountered, rolling back to previous configuration.
2024-03-10T05:44:09.165050+00:00 DEBUG 'ansible_navigator.main' Prior to rollback: ansible_runner_artifact_dir = 'Not set' (Constants/Not set)
2024-03-10T05:44:09.165069+00:00 DEBUG 'ansible_navigator.main' Prior to rollback: ansible_runner_rotate_artifacts_count = 'Not set' (Constants/Not set)
2024-03-10T05:44:09.165101+00:00 DEBUG 'ansible_navigator.main' Prior to rollback: ansible_runner_timeout = 'Not set' (Constants/Not set)
2024-03-10T05:44:09.165122+00:00 DEBUG 'ansible_navigator.main' Prior to rollback: app = 'welcome' (str/Defaults)
2024-03-10T05:44:09.165141+00:00 DEBUG 'ansible_navigator.main' Prior to rollback: cmdline = '['users.yml', '-m', 'stdout']' (list/Command line)
2024-03-10T05:44:09.165160+00:00 DEBUG 'ansible_navigator.main' Prior to rollback: collection_doc_cache_path = '/home/student/.cache/ansible-navigator/collection_doc_cache.db' (str/Defaults)
2024-03-10T05:44:09.165180+00:00 DEBUG 'ansible_navigator.main' Prior to rollback: config = 'Not set' (Constants/Not set)
2024-03-10T05:44:09.165199+00:00 DEBUG 'ansible_navigator.main' Prior to rollback: container_engine = 'auto' (str/Defaults)
2024-03-10T05:44:09.165227+00:00 DEBUG 'ansible_navigator.main' Prior to rollback: container_options = 'Not set' (Constants/Not set)
2024-03-10T05:44:09.165257+00:00 DEBUG 'ansible_navigator.main' Prior to rollback: display_color = 'True' (bool/Defaults)
2024-03-10T05:44:09.165287+00:00 DEBUG 'ansible_navigator.main' Prior to rollback: editor_command = 'vi +{line_number} {filename}' (str/Defaults)
2024-03-10T05:44:09.165307+00:00 DEBUG 'ansible_navigator.main' Prior to rollback: editor_console = 'True' (bool/Defaults)
2024-03-10T05:44:09.165326+00:00 DEBUG 'ansible_navigator.main' Prior to rollback: exec_command = '/bin/bash' (str/Defaults)
2024-03-10T05:44:09.165345+00:00 DEBUG 'ansible_navigator.main' Prior to rollback: exec_shell = 'True' (bool/Defaults)
2024-03-10T05:44:09.165364+00:00 DEBUG 'ansible_navigator.main' Prior to rollback: execution_environment = 'True' (bool/Defaults)
2024-03-10T05:44:09.165383+00:00 DEBUG 'ansible_navigator.main' Prior to rollback: execution_environment_image = 'ee-supported-rhel8:latest' (str/Settings file)
2024-03-10T05:44:09.165402+00:00 DEBUG 'ansible_navigator.main' Prior to rollback: execution_environment_volume_mounts = 'Not set' (Constants/Not set)
2024-03-10T05:44:09.165421+00:00 DEBUG 'ansible_navigator.main' Prior to rollback: help_builder = 'False' (bool/Defaults)
2024-03-10T05:44:09.165440+00:00 DEBUG 'ansible_navigator.main' Prior to rollback: help_config = 'False' (bool/Defaults)
2024-03-10T05:44:09.165459+00:00 DEBUG 'ansible_navigator.main' Prior to rollback: help_doc = 'False' (bool/Defaults)
2024-03-10T05:44:09.165478+00:00 DEBUG 'ansible_navigator.main' Prior to rollback: help_inventory = 'False' (bool/Defaults)
2024-03-10T05:44:09.165496+00:00 DEBUG 'ansible_navigator.main' Prior to rollback: help_playbook = 'False' (bool/Defaults)
2024-03-10T05:44:09.165515+00:00 DEBUG 'ansible_navigator.main' Prior to rollback: images_details = '['everything']' (list/Defaults)
2024-03-10T05:44:09.165534+00:00 DEBUG 'ansible_navigator.main' Prior to rollback: inventory = 'Not set' (Constants/Not set)
2024-03-10T05:44:09.165553+00:00 DEBUG 'ansible_navigator.main' Prior to rollback: inventory_column = 'Not set' (Constants/Not set)
2024-03-10T05:44:09.165572+00:00 DEBUG 'ansible_navigator.main' Prior to rollback: lint_config = 'Not set' (Constants/Not set)
2024-03-10T05:44:09.165591+00:00 DEBUG 'ansible_navigator.main' Prior to rollback: lintables = 'Not set' (Constants/Not set)
2024-03-10T05:44:09.165609+00:00 DEBUG 'ansible_navigator.main' Prior to rollback: log_append = 'True' (bool/Defaults)
2024-03-10T05:44:09.165629+00:00 DEBUG 'ansible_navigator.main' Prior to rollback: log_file = '/home/student/git_repos/ex374answer/create_user/ansible-navigator.log' (str/Defaults)
2024-03-10T05:44:09.165648+00:00 DEBUG 'ansible_navigator.main' Prior to rollback: log_level = 'warning' (str/Defaults)
2024-03-10T05:44:09.165667+00:00 DEBUG 'ansible_navigator.main' Prior to rollback: mode = 'stdout' (str/Settings file)
2024-03-10T05:44:09.165702+00:00 DEBUG 'ansible_navigator.main' Prior to rollback: osc4 = 'True' (bool/Defaults)
2024-03-10T05:44:09.165721+00:00 DEBUG 'ansible_navigator.main' Prior to rollback: pass_environment_variable = 'Not set' (Constants/Not set)
2024-03-10T05:44:09.165740+00:00 DEBUG 'ansible_navigator.main' Prior to rollback: playbook = 'Not set' (Constants/Not set)
2024-03-10T05:44:09.165759+00:00 DEBUG 'ansible_navigator.main' Prior to rollback: playbook_artifact_enable = 'False' (bool/Settings file)
2024-03-10T05:44:09.165778+00:00 DEBUG 'ansible_navigator.main' Prior to rollback: playbook_artifact_replay = 'Not set' (Constants/Not set)
2024-03-10T05:44:09.165797+00:00 DEBUG 'ansible_navigator.main' Prior to rollback: playbook_artifact_save_as = '{playbook_dir}/{playbook_name}-artifact-{time_stamp}.json' (str/Settings file)
2024-03-10T05:44:09.165816+00:00 DEBUG 'ansible_navigator.main' Prior to rollback: plugin_name = 'Not set' (Constants/Not set)
2024-03-10T05:44:09.165834+00:00 DEBUG 'ansible_navigator.main' Prior to rollback: plugin_type = 'module' (str/Defaults)
2024-03-10T05:44:09.165853+00:00 DEBUG 'ansible_navigator.main' Prior to rollback: pull_arguments = 'Not set' (Constants/Not set)
2024-03-10T05:44:09.165872+00:00 DEBUG 'ansible_navigator.main' Prior to rollback: pull_policy = 'missing' (str/Settings file)
2024-03-10T05:44:09.165894+00:00 DEBUG 'ansible_navigator.main' Prior to rollback: set_environment_variable = 'Not set' (Constants/Not set)
2024-03-10T05:44:09.165913+00:00 DEBUG 'ansible_navigator.main' Prior to rollback: settings_effective = 'False' (bool/Defaults)
2024-03-10T05:44:09.165932+00:00 DEBUG 'ansible_navigator.main' Prior to rollback: settings_sample = 'False' (bool/Defaults)
2024-03-10T05:44:09.165950+00:00 DEBUG 'ansible_navigator.main' Prior to rollback: settings_schema = 'json' (str/Defaults)
2024-03-10T05:44:09.165969+00:00 DEBUG 'ansible_navigator.main' Prior to rollback: settings_sources = 'False' (bool/Defaults)
2024-03-10T05:44:09.165988+00:00 DEBUG 'ansible_navigator.main' Prior to rollback: time_zone = 'UTC' (str/Defaults)
2024-03-10T05:44:09.166007+00:00 DEBUG 'ansible_navigator.main' Prior to rollback: workdir = '/home/student/git_repos/ex374answer/create_user' (str/Defaults)
2024-03-10T05:44:09.166025+00:00 DEBUG 'ansible_navigator.main' After rollback: ansible_runner_artifact_dir = 'Not set' (Constants/Not set)
2024-03-10T05:44:09.166044+00:00 DEBUG 'ansible_navigator.main' After rollback: ansible_runner_rotate_artifacts_count = 'Not set' (Constants/Not set)
2024-03-10T05:44:09.166063+00:00 DEBUG 'ansible_navigator.main' After rollback: ansible_runner_timeout = 'Not set' (Constants/Not set)
2024-03-10T05:44:09.166090+00:00 DEBUG 'ansible_navigator.main' After rollback: app = 'Not set' (Constants/Not set)
2024-03-10T05:44:09.166113+00:00 DEBUG 'ansible_navigator.main' After rollback: cmdline = 'Not set' (Constants/Not set)
2024-03-10T05:44:09.166132+00:00 DEBUG 'ansible_navigator.main' After rollback: collection_doc_cache_path = 'Not set' (Constants/Not set)
2024-03-10T05:44:09.166151+00:00 DEBUG 'ansible_navigator.main' After rollback: config = 'Not set' (Constants/Not set)
2024-03-10T05:44:09.166170+00:00 DEBUG 'ansible_navigator.main' After rollback: container_engine = 'Not set' (Constants/Not set)
2024-03-10T05:44:09.166189+00:00 DEBUG 'ansible_navigator.main' After rollback: container_options = 'Not set' (Constants/Not set)
2024-03-10T05:44:09.166208+00:00 DEBUG 'ansible_navigator.main' After rollback: display_color = 'Not set' (Constants/Not set)
2024-03-10T05:44:09.166226+00:00 DEBUG 'ansible_navigator.main' After rollback: editor_command = 'Not set' (Constants/Not set)
2024-03-10T05:44:09.166245+00:00 DEBUG 'ansible_navigator.main' After rollback: editor_console = 'Not set' (Constants/Not set)
2024-03-10T05:44:09.166264+00:00 DEBUG 'ansible_navigator.main' After rollback: exec_command = 'Not set' (Constants/Not set)
2024-03-10T05:44:09.166283+00:00 DEBUG 'ansible_navigator.main' After rollback: exec_shell = 'Not set' (Constants/Not set)
2024-03-10T05:44:09.166302+00:00 DEBUG 'ansible_navigator.main' After rollback: execution_environment = 'Not set' (Constants/Not set)
2024-03-10T05:44:09.166321+00:00 DEBUG 'ansible_navigator.main' After rollback: execution_environment_image = 'Not set' (Constants/Not set)
2024-03-10T05:44:09.166340+00:00 DEBUG 'ansible_navigator.main' After rollback: execution_environment_volume_mounts = 'Not set' (Constants/Not set)
2024-03-10T05:44:09.166359+00:00 DEBUG 'ansible_navigator.main' After rollback: help_builder = 'Not set' (Constants/Not set)
2024-03-10T05:44:09.166378+00:00 DEBUG 'ansible_navigator.main' After rollback: help_config = 'Not set' (Constants/Not set)
2024-03-10T05:44:09.166397+00:00 DEBUG 'ansible_navigator.main' After rollback: help_doc = 'Not set' (Constants/Not set)
2024-03-10T05:44:09.166416+00:00 DEBUG 'ansible_navigator.main' After rollback: help_inventory = 'Not set' (Constants/Not set)
2024-03-10T05:44:09.166434+00:00 DEBUG 'ansible_navigator.main' After rollback: help_playbook = 'Not set' (Constants/Not set)
2024-03-10T05:44:09.166454+00:00 DEBUG 'ansible_navigator.main' After rollback: images_details = 'Not set' (Constants/Not set)
2024-03-10T05:44:09.166472+00:00 DEBUG 'ansible_navigator.main' After rollback: inventory = 'Not set' (Constants/Not set)
2024-03-10T05:44:09.166491+00:00 DEBUG 'ansible_navigator.main' After rollback: inventory_column = 'Not set' (Constants/Not set)
2024-03-10T05:44:09.166513+00:00 DEBUG 'ansible_navigator.main' After rollback: lint_config = 'Not set' (Constants/Not set)
2024-03-10T05:44:09.166532+00:00 DEBUG 'ansible_navigator.main' After rollback: lintables = 'Not set' (Constants/Not set)
2024-03-10T05:44:09.166551+00:00 DEBUG 'ansible_navigator.main' After rollback: log_append = 'Not set' (Constants/Not set)
2024-03-10T05:44:09.166569+00:00 DEBUG 'ansible_navigator.main' After rollback: log_file = 'Not set' (Constants/Not set)
2024-03-10T05:44:09.166588+00:00 DEBUG 'ansible_navigator.main' After rollback: log_level = 'Not set' (Constants/Not set)
2024-03-10T05:44:09.166607+00:00 DEBUG 'ansible_navigator.main' After rollback: mode = 'Not set' (Constants/Not set)
2024-03-10T05:44:09.166626+00:00 DEBUG 'ansible_navigator.main' After rollback: osc4 = 'Not set' (Constants/Not set)
2024-03-10T05:44:09.166645+00:00 DEBUG 'ansible_navigator.main' After rollback: pass_environment_variable = 'Not set' (Constants/Not set)
2024-03-10T05:44:09.166664+00:00 DEBUG 'ansible_navigator.main' After rollback: playbook = 'Not set' (Constants/Not set)
2024-03-10T05:44:09.166688+00:00 DEBUG 'ansible_navigator.main' After rollback: playbook_artifact_enable = 'Not set' (Constants/Not set)
2024-03-10T05:44:09.166707+00:00 DEBUG 'ansible_navigator.main' After rollback: playbook_artifact_replay = 'Not set' (Constants/Not set)
2024-03-10T05:44:09.166726+00:00 DEBUG 'ansible_navigator.main' After rollback: playbook_artifact_save_as = 'Not set' (Constants/Not set)
2024-03-10T05:44:09.166745+00:00 DEBUG 'ansible_navigator.main' After rollback: plugin_name = 'Not set' (Constants/Not set)
2024-03-10T05:44:09.166764+00:00 DEBUG 'ansible_navigator.main' After rollback: plugin_type = 'Not set' (Constants/Not set)
2024-03-10T05:44:09.166782+00:00 DEBUG 'ansible_navigator.main' After rollback: pull_arguments = 'Not set' (Constants/Not set)
2024-03-10T05:44:09.166801+00:00 DEBUG 'ansible_navigator.main' After rollback: pull_policy = 'Not set' (Constants/Not set)
2024-03-10T05:44:09.166820+00:00 DEBUG 'ansible_navigator.main' After rollback: set_environment_variable = 'Not set' (Constants/Not set)
2024-03-10T05:44:09.166838+00:00 DEBUG 'ansible_navigator.main' After rollback: settings_effective = 'Not set' (Constants/Not set)
2024-03-10T05:44:09.166857+00:00 DEBUG 'ansible_navigator.main' After rollback: settings_sample = 'Not set' (Constants/Not set)
2024-03-10T05:44:09.166875+00:00 DEBUG 'ansible_navigator.main' After rollback: settings_schema = 'Not set' (Constants/Not set)
2024-03-10T05:44:09.166894+00:00 DEBUG 'ansible_navigator.main' After rollback: settings_sources = 'Not set' (Constants/Not set)
2024-03-10T05:44:09.166913+00:00 DEBUG 'ansible_navigator.main' After rollback: time_zone = 'Not set' (Constants/Not set)
2024-03-10T05:44:09.166932+00:00 DEBUG 'ansible_navigator.main' After rollback: workdir = 'Not set' (Constants/Not set)
2024-03-10T05:44:09.166951+00:00 DEBUG 'ansible_navigator.main' Configuration rollback complete.
2024-03-10T05:44:09.166970+00:00 DEBUG 'ansible_navigator.main' Collection doc cache not mounted
2024-03-10T05:44:09.166999+00:00 WARNING 'ansible_navigator.main' Issues were found while applying the settings.
2024-03-10T05:44:09.167022+00:00 INFO 'ansible_navigator.main' Command provided: 'users.yml -m stdout'
2024-03-10T05:44:09.167047+00:00 ERROR 'ansible_navigator.main' argument {subcommand} --help: invalid choice: 'users.yml' (choose from 'builder', 'collections', 'config', 'doc', 'exec', 'images', 'inventory', 'lint', 'replay', 'run', 'settings', 'welcome')
2024-03-10T05:44:09.167070+00:00 INFO 'ansible_navigator.main' Configuration failed, using default log file location. (/home/student/git_repos/ex374answer/create_user/ansible-navigator.log) Log level set to debug
2024-03-10T05:44:09.167100+00:00 INFO 'ansible_navigator.main' Review the hints and log file to see what went wrong.
2024-03-10T05:44:24.174963+00:00 WARNING 'ansible_navigator.image_manager.puller._log_message' Image inspection failed, image assumed to be corrupted or missing
